SF:lib\common\model\cursor_pagination_model.dart
DA:11,1
DA:27,0
DA:32,0
DA:34,0
DA:36,0
DA:40,0
DA:41,0
DA:42,0
DA:52,0
DA:57,0
DA:58,0
DA:60,0
DA:64,0
DA:65,0
DA:66,0
DA:73,0
DA:81,0
LF:17
LH:1
end_of_record
SF:lib\common\model\cursor_pagination_model.g.dart
DA:9,0
DA:13,0
DA:14,0
DA:15,0
DA:18,0
DA:22,0
DA:23,0
DA:24,0
DA:27,0
DA:29,0
DA:30,0
DA:31,0
DA:34,0
DA:36,0
DA:37,0
DA:38,0
LF:16
LH:0
end_of_record
SF:lib\common\model\pagination_params.dart
DA:10,11
DA:15,0
DA:16,0
DA:18,0
DA:20,0
DA:24,0
DA:25,0
DA:26,0
LF:8
LH:1
end_of_record
SF:lib\common\model\pagination_params.g.dart
DA:9,0
DA:10,0
DA:11,0
DA:12,0
DA:15,0
DA:16,0
DA:17,0
DA:18,0
LF:8
LH:0
end_of_record
SF:lib\restaurant\model\restaurant_detail_model.dart
DA:14,0
DA:28,0
DA:29,0
LF:3
LH:0
end_of_record
SF:lib\restaurant\model\restaurant_detail_model.g.dart
DA:9,0
DA:11,0
DA:12,0
DA:13,0
DA:14,0
DA:15,0
DA:17,0
DA:18,0
DA:19,0
DA:20,0
DA:21,0
DA:22,0
DA:23,0
DA:24,0
DA:25,0
DA:26,0
DA:29,0
DA:31,0
DA:32,0
DA:33,0
DA:34,0
DA:35,0
DA:36,0
DA:37,0
DA:38,0
DA:39,0
DA:40,0
DA:41,0
DA:42,0
LF:29
LH:0
end_of_record
SF:lib\restaurant\model\restaurant_model.dart
DA:9,1
DA:47,0
DA:59,0
DA:61,0
LF:4
LH:1
end_of_record
SF:lib\restaurant\model\restaurant_model.g.dart
DA:9,0
DA:10,0
DA:11,0
DA:12,0
DA:13,0
DA:14,0
DA:16,0
DA:17,0
DA:18,0
DA:19,0
DA:20,0
DA:23,0
DA:24,0
DA:25,0
DA:26,0
DA:27,0
DA:28,0
DA:29,0
DA:30,0
DA:31,0
DA:32,0
DA:33,0
LF:22
LH:0
end_of_record
SF:lib\restaurant\model\restaurant_product_model.dart
DA:18,0
DA:26,0
DA:27,0
LF:3
LH:0
end_of_record
SF:lib\restaurant\model\restaurant_product_model.g.dart
DA:9,0
DA:11,0
DA:12,0
DA:13,0
DA:14,0
DA:15,0
DA:16,0
DA:19,0
DA:21,0
DA:22,0
DA:23,0
DA:24,0
DA:25,0
DA:26,0
LF:14
LH:0
end_of_record
SF:lib\restaurant\repository\restaurant_repository.dart
DA:14,0
DA:15,0
DA:18,0
LF:3
LH:0
end_of_record
SF:lib\restaurant\repository\restaurant_repository.g.dart
DA:12,0
DA:19,0
DA:22,0
DA:23,0
DA:24,0
DA:25,0
DA:26,0
DA:27,0
DA:28,0
DA:29,0
DA:30,0
DA:31,0
DA:33,0
DA:34,0
DA:35,0
DA:36,0
DA:42,0
DA:44,0
DA:45,0
DA:46,0
DA:47,0
DA:48,0
DA:49,0
DA:50,0
DA:51,0
DA:53,0
DA:54,0
DA:58,0
DA:59,0
DA:60,0
DA:61,0
DA:62,0
DA:63,0
DA:65,0
LF:34
LH:0
end_of_record
SF:lib\restaurant\riverpod\restaurant_provider.dart
DA:10,0
DA:11,0
DA:12,0
DA:14,0
DA:20,0
DA:23,0
DA:24,0
DA:25,0
DA:27,0
DA:33,1
DA:37,0
DA:41,0
DA:42,0
DA:46,0
DA:50,0
DA:53,0
DA:57,0
DA:58,0
DA:59,0
DA:60,0
DA:61,0
DA:67,0
DA:68,0
DA:69,0
DA:70,0
DA:72,0
DA:77,0
DA:78,0
LF:28
LH:1
end_of_record
SF:lib\main.dart
DA:8,0
DA:9,0
DA:10,0
DA:11,0
DA:17,0
DA:20,0
DA:22,0
DA:24,0
DA:25,0
DA:26,0
DA:28,0
DA:29,0
DA:30,0
DA:31,0
LF:14
LH:0
end_of_record
SF:lib\common\component\pagination_list_view.dart
DA:17,0
DA:21,0
DA:23,0
DA:24,0
DA:30,0
DA:32,0
DA:34,0
DA:37,0
DA:40,0
DA:41,0
DA:42,0
DA:46,0
DA:48,0
DA:49,0
DA:50,0
DA:53,0
DA:55,0
DA:58,0
DA:65,0
DA:66,0
DA:69,0
DA:70,0
DA:71,0
DA:77,0
DA:78,0
DA:79,0
DA:81,0
DA:92,0
DA:95,0
DA:96,0
DA:97,0
DA:101,0
DA:103,0
DA:104,0
DA:105,0
DA:106,0
DA:107,0
DA:108,0
DA:110,0
DA:111,0
DA:112,0
DA:113,0
DA:122,0
DA:124,0
DA:126,0
LF:45
LH:0
end_of_record
SF:lib\common\model\model_with_id.dart
DA:4,0
LF:1
LH:0
end_of_record
SF:lib\common\riverpod\pagination_provider.dart
DA:17,1
DA:36,1
DA:38,2
DA:40,1
DA:42,4
DA:43,1
DA:47,1
DA:56,3
DA:63,1
DA:74,2
DA:75,0
DA:77,0
DA:83,2
DA:84,2
DA:85,2
DA:87,1
DA:91,2
DA:94,1
DA:95,0
DA:97,0
DA:98,0
DA:99,0
DA:102,0
DA:103,0
DA:109,2
DA:110,0
DA:112,0
DA:113,0
DA:115,2
DA:121,2
DA:124,0
DA:125,0
DA:127,0
DA:128,0
DA:131,0
DA:134,1
DA:135,1
DA:136,2
LF:38
LH:22
end_of_record
SF:lib\common\utils\pagination_utils.dart
DA:5,0
DA:11,0
DA:12,0
LF:3
LH:0
end_of_record
SF:lib\common\component\text_form_feild.dart
DA:11,0
DA:18,0
DA:20,0
DA:22,0
DA:24,0
DA:27,0
DA:29,0
DA:30,0
DA:31,0
DA:32,0
DA:33,0
DA:34,0
DA:35,0
DA:36,0
DA:44,0
DA:45,0
LF:16
LH:0
end_of_record
SF:lib\common\const\data.dart
DA:11,0
LF:1
LH:0
end_of_record
SF:lib\common\dio\dio.dart
DA:11,0
DA:12,0
DA:13,0
DA:15,0
DA:24,0
DA:31,0
DA:33,0
DA:35,0
DA:36,0
DA:38,0
DA:40,0
DA:43,0
DA:44,0
DA:46,0
DA:48,0
DA:51,0
DA:55,0
DA:57,0
DA:59,0
DA:64,0
DA:65,0
DA:66,0
DA:67,0
DA:74,0
DA:78,0
DA:81,0
DA:83,0
DA:87,0
DA:91,0
DA:92,0
DA:93,0
DA:96,0
DA:99,0
DA:100,0
DA:101,0
DA:104,0
DA:107,0
DA:109,0
DA:111,0
DA:118,0
DA:120,0
DA:124,0
LF:42
LH:0
end_of_record
SF:lib\common\secure_storage\secure_storage.dart
DA:4,0
DA:5,0
LF:2
LH:0
end_of_record
SF:lib\user\riverpod\auth_provider.dart
DA:13,0
DA:14,0
DA:20,0
DA:23,0
DA:24,0
DA:25,0
DA:30,0
DA:31,0
DA:33,0
DA:34,0
DA:35,0
DA:36,0
DA:38,0
DA:39,0
DA:40,0
DA:43,0
DA:45,0
DA:46,0
DA:47,0
DA:49,0
DA:50,0
DA:51,0
DA:53,0
DA:54,0
DA:55,0
DA:57,0
DA:58,0
DA:62,0
DA:63,0
DA:65,0
DA:75,0
DA:77,0
DA:85,0
DA:92,0
DA:93,0
LF:35
LH:0
end_of_record
SF:lib\common\layout\default_layout.dart
DA:10,0
DA:17,0
DA:19,0
DA:21,0
DA:22,0
DA:23,0
DA:24,0
DA:26,0
DA:27,0
DA:31,0
DA:32,0
DA:35,0
DA:38,0
DA:39,0
DA:40,0
LF:15
LH:0
end_of_record
SF:lib\common\model\login_response.dart
DA:11,0
DA:16,0
DA:17,0
DA:19,0
LF:4
LH:0
end_of_record
SF:lib\common\model\login_response.g.dart
DA:9,0
DA:10,0
DA:11,0
DA:12,0
DA:15,0
DA:16,0
DA:17,0
DA:18,0
LF:8
LH:0
end_of_record
SF:lib\common\model\token_response.dart
DA:10,0
DA:14,0
DA:15,0
DA:17,0
LF:4
LH:0
end_of_record
SF:lib\common\model\token_response.g.dart
DA:9,0
DA:10,0
DA:11,0
DA:14,0
DA:15,0
DA:16,0
LF:6
LH:0
end_of_record
SF:lib\common\riverpod\go_router.dart
DA:5,0
DA:6,0
DA:8,0
DA:9,0
DA:12,0
LF:5
LH:0
end_of_record
SF:lib\common\utils\data_utils.dart
DA:6,0
DA:7,0
DA:10,0
DA:11,0
DA:14,0
DA:16,0
DA:18,0
DA:23,0
DA:24,0
LF:9
LH:0
end_of_record
SF:lib\common\view\root_tab.dart
DA:10,0
DA:12,0
DA:14,0
DA:15,0
DA:23,0
DA:25,0
DA:29,0
DA:30,0
DA:33,0
DA:34,0
DA:35,0
DA:39,0
DA:41,0
DA:42,0
DA:45,0
DA:47,0
DA:49,0
DA:55,0
DA:56,0
DA:58,0
DA:78,0
DA:79,0
DA:81,0
DA:82,0
DA:83,0
DA:84,0
DA:85,0
DA:86,0
LF:28
LH:0
end_of_record
SF:lib\order\view\order_screen.dart
DA:9,0
DA:11,0
DA:13,0
DA:14,0
DA:15,0
DA:16,0
LF:6
LH:0
end_of_record
SF:lib\product\view\product_screen.dart
DA:10,0
DA:12,0
DA:14,0
DA:15,0
DA:16,0
DA:17,0
DA:18,0
DA:19,0
DA:20,0
DA:21,0
DA:24,0
LF:11
LH:0
end_of_record
SF:lib\restaurant\view\restaurant_screen.dart
DA:10,0
DA:12,0
DA:14,0
DA:15,0
DA:16,0
DA:17,0
DA:18,0
DA:22,0
DA:23,0
DA:24,0
DA:27,0
LF:11
LH:0
end_of_record
SF:lib\user\view\profile_screen.dart
DA:7,0
DA:9,0
DA:11,0
DA:12,0
DA:13,0
DA:14,0
DA:16,0
LF:7
LH:0
end_of_record
SF:lib\common\view\splash_screen.dart
DA:6,0
DA:7,0
DA:9,0
DA:11,0
DA:13,0
DA:14,0
DA:15,0
DA:17,0
DA:18,0
DA:20,0
DA:22,0
DA:25,0
LF:12
LH:0
end_of_record
SF:lib\user\view\login_screen.dart
DA:13,0
DA:14,0
DA:16,0
DA:17,0
DA:24,0
DA:26,0
DA:28,0
DA:29,0
DA:31,0
DA:34,0
DA:36,0
DA:38,0
DA:39,0
DA:43,0
DA:44,0
DA:46,0
DA:48,0
DA:50,0
DA:51,0
DA:57,0
DA:59,0
DA:60,0
DA:67,0
DA:69,0
DA:71,0
DA:72,0
DA:73,0
DA:74,0
DA:111,0
DA:112,0
DA:116,0
DA:117,0
DA:118,0
DA:119,0
DA:133,0
DA:135,0
DA:137,0
DA:139,0
DA:146,0
DA:148,0
DA:150,0
DA:152,0
LF:42
LH:0
end_of_record
SF:lib\order\component\order_card.dart
DA:12,0
DA:19,0
DA:21,0
DA:24,0
DA:25,0
DA:26,0
DA:28,0
DA:29,0
DA:30,0
DA:31,0
DA:36,0
DA:38,0
DA:42,0
DA:44,0
DA:46,0
DA:47,0
DA:48,0
DA:50,0
DA:51,0
DA:52,0
DA:53,0
DA:56,0
DA:61,0
DA:63,0
DA:64,0
DA:65,0
DA:66,0
DA:70,0
DA:71,0
DA:72,0
LF:30
LH:0
end_of_record
SF:lib\order\model\order_model.dart
DA:19,0
DA:27,0
DA:28,0
DA:30,0
DA:38,0
DA:43,0
DA:44,0
DA:46,0
DA:60,0
DA:68,0
DA:69,0
DA:71,0
LF:12
LH:0
end_of_record
SF:lib\order\model\order_model.g.dart
DA:9,0
DA:10,0
DA:11,0
DA:12,0
DA:13,0
DA:14,0
DA:15,0
DA:17,0
DA:18,0
DA:21,0
DA:22,0
DA:23,0
DA:24,0
DA:25,0
DA:26,0
DA:27,0
DA:30,0
DA:32,0
DA:34,0
DA:35,0
DA:38,0
DA:40,0
DA:41,0
DA:42,0
DA:45,0
DA:46,0
DA:47,0
DA:48,0
DA:49,0
DA:50,0
DA:51,0
DA:54,0
DA:55,0
DA:56,0
DA:57,0
DA:58,0
DA:59,0
DA:60,0
LF:38
LH:0
end_of_record
SF:lib\order\model\post_order_body.dart
DA:13,0
DA:20,0
DA:21,0
DA:23,0
DA:31,0
DA:36,0
DA:37,0
DA:39,0
LF:8
LH:0
end_of_record
SF:lib\order\model\post_order_body.g.dart
DA:9,0
DA:10,0
DA:11,0
DA:12,0
DA:13,0
DA:14,0
DA:15,0
DA:16,0
DA:19,0
DA:20,0
DA:21,0
DA:22,0
DA:23,0
DA:24,0
DA:27,0
DA:29,0
DA:30,0
DA:31,0
DA:34,0
DA:36,0
DA:37,0
DA:38,0
LF:22
LH:0
end_of_record
SF:lib\user\model\basket_item_model.dart
DA:11,0
DA:18,0
DA:19,0
DA:21,0
DA:23,0
DA:27,0
DA:28,0
DA:29,0
LF:8
LH:0
end_of_record
SF:lib\user\model\basket_item_model.g.dart
DA:9,0
DA:10,0
DA:11,0
DA:12,0
DA:15,0
DA:16,0
DA:17,0
DA:18,0
LF:8
LH:0
end_of_record
SF:lib\order\repository\order_repository.g.dart
DA:12,0
DA:19,0
DA:22,0
DA:23,0
DA:24,0
DA:25,0
DA:26,0
DA:27,0
DA:28,0
DA:29,0
DA:30,0
DA:31,0
DA:33,0
DA:34,0
DA:35,0
DA:36,0
DA:42,0
DA:44,0
DA:45,0
DA:46,0
DA:47,0
DA:48,0
DA:49,0
DA:50,0
DA:51,0
DA:52,0
DA:54,0
DA:55,0
DA:59,0
DA:60,0
DA:61,0
DA:62,0
DA:63,0
DA:64,0
DA:66,0
LF:35
LH:0
end_of_record
SF:lib\order\repository\order_repository.dart
DA:14,0
DA:15,0
DA:17,0
LF:3
LH:0
end_of_record
SF:lib\order\riverpod\order_provider.dart
DA:11,0
DA:12,0
DA:13,0
DA:15,0
DA:20,0
DA:25,0
DA:26,0
DA:28,0
DA:29,0
DA:32,0
DA:33,0
DA:36,0
DA:37,0
DA:38,0
DA:40,0
DA:41,0
DA:42,0
DA:46,0
DA:47,0
LF:19
LH:0
end_of_record
SF:lib\user\riverpod\basket_provider.dart
DA:9,0
DA:10,0
DA:11,0
DA:13,0
DA:24,0
DA:26,0
DA:27,0
DA:28,0
DA:32,0
DA:40,0
DA:45,0
DA:46,0
DA:47,0
DA:48,0
DA:50,0
DA:53,0
DA:56,0
DA:60,0
DA:66,0
DA:75,0
DA:77,0
DA:79,0
DA:80,0
DA:83,0
DA:84,0
DA:85,0
DA:86,0
DA:88,0
DA:91,0
DA:95,0
DA:96,0
DA:98,0
DA:99,0
DA:103,0
DA:104,0
DA:105,0
DA:106,0
DA:107,0
DA:108,0
DA:109,0
DA:111,0
LF:41
LH:0
end_of_record
SF:lib\order\view\order_done_screen.dart
DA:8,0
DA:10,0
DA:12,0
DA:14,0
DA:15,0
DA:16,0
DA:17,0
DA:18,0
DA:21,0
DA:34,0
DA:35,0
DA:36,0
DA:38,0
DA:39,0
LF:14
LH:0
end_of_record
SF:lib\product\component\product_card.dart
DA:17,0
DA:26,0
DA:28,0
DA:33,0
DA:34,0
DA:35,0
DA:36,0
DA:41,0
DA:42,0
DA:43,0
DA:49,0
DA:54,0
DA:55,0
DA:56,0
DA:57,0
DA:62,0
DA:63,0
DA:64,0
DA:70,0
DA:72,0
DA:76,0
DA:77,0
DA:80,0
DA:81,0
DA:82,0
DA:83,0
DA:84,0
DA:85,0
DA:87,0
DA:90,0
DA:91,0
DA:94,0
DA:95,0
DA:96,0
DA:97,0
DA:102,0
DA:103,0
DA:107,0
DA:112,0
DA:113,0
DA:114,0
DA:127,0
DA:128,0
DA:130,0
DA:131,0
DA:132,0
DA:133,0
DA:134,0
DA:135,0
DA:149,0
DA:155,0
DA:157,0
DA:159,0
DA:160,0
DA:161,0
DA:162,0
DA:163,0
DA:164,0
DA:170,0
DA:171,0
DA:172,0
DA:174,0
DA:175,0
DA:176,0
DA:182,0
DA:189,0
DA:193,0
DA:194,0
DA:195,0
DA:196,0
DA:201,0
DA:203,0
LF:72
LH:0
end_of_record
SF:lib\product\model\product_model.dart
DA:21,0
DA:30,0
DA:31,0
DA:33,0
LF:4
LH:0
end_of_record
SF:lib\product\model\product_model.g.dart
DA:9,0
DA:10,0
DA:11,0
DA:12,0
DA:13,0
DA:14,0
DA:16,0
DA:19,0
DA:20,0
DA:21,0
DA:22,0
DA:23,0
DA:24,0
DA:25,0
DA:26,0
LF:15
LH:0
end_of_record
SF:lib\product\respository\product_repository.dart
DA:13,0
DA:14,0
DA:16,0
LF:3
LH:0
end_of_record
SF:lib\product\respository\product_repository.g.dart
DA:12,0
DA:19,0
DA:22,0
DA:23,0
DA:24,0
DA:25,0
DA:26,0
DA:27,0
DA:28,0
DA:29,0
DA:30,0
DA:31,0
DA:33,0
DA:34,0
DA:35,0
DA:36,0
DA:41,0
DA:42,0
DA:43,0
DA:44,0
DA:45,0
DA:46,0
DA:48,0
LF:23
LH:0
end_of_record
SF:lib\product\reverpod\product_provider.dart
DA:7,0
DA:8,0
DA:9,0
DA:11,0
DA:16,0
LF:5
LH:0
end_of_record
SF:lib\restaurant\view\restaurant_detail_screen.dart
DA:28,0
DA:32,0
DA:34,0
DA:36,0
DA:43,0
DA:45,0
DA:47,0
DA:49,0
DA:52,0
DA:55,0
DA:56,0
DA:57,0
DA:61,0
DA:63,0
DA:64,0
DA:65,0
DA:68,0
DA:69,0
DA:73,0
DA:74,0
DA:76,0
DA:77,0
DA:78,0
DA:81,0
DA:83,0
DA:85,0
DA:87,0
DA:88,0
DA:89,0
DA:90,0
DA:96,0
DA:97,0
DA:103,0
DA:104,0
DA:105,0
DA:107,0
DA:108,0
DA:112,0
DA:113,0
DA:115,0
DA:125,0
DA:127,0
DA:129,0
DA:130,0
DA:131,0
DA:132,0
DA:134,0
DA:135,0
DA:136,0
DA:137,0
DA:138,0
DA:139,0
DA:140,0
DA:141,0
DA:142,0
DA:146,0
DA:148,0
DA:153,0
DA:157,0
DA:158,0
DA:165,0
DA:166,0
DA:168,0
DA:169,0
DA:170,0
DA:172,0
DA:174,0
DA:175,0
DA:188,0
DA:189,0
DA:190,0
DA:193,0
DA:194,0
DA:195,0
DA:196,0
DA:197,0
DA:200,0
DA:202,0
DA:208,0
DA:210,0
DA:211,0
LF:81
LH:0
end_of_record
SF:lib\rating\component\rating_card.dart
DA:19,0
DA:26,0
DA:28,0
DA:29,0
DA:30,0
DA:31,0
DA:33,0
DA:34,0
DA:35,0
DA:36,0
DA:40,0
DA:42,0
DA:43,0
DA:44,0
DA:45,0
DA:46,0
DA:47,0
DA:49,0
DA:52,0
DA:53,0
DA:55,0
DA:56,0
DA:58,0
DA:60,0
DA:61,0
DA:75,0
DA:80,0
DA:82,0
DA:84,0
DA:85,0
DA:86,0
DA:88,0
DA:90,0
DA:91,0
DA:92,0
DA:94,0
DA:101,0
DA:103,0
DA:104,0
DA:116,0
DA:119,0
DA:121,0
DA:123,0
DA:124,0
DA:125,0
DA:126,0
DA:127,0
DA:128,0
DA:142,0
DA:145,0
DA:147,0
DA:149,0
DA:155,0
DA:156,0
DA:157,0
DA:158,0
DA:159,0
DA:160,0
DA:161,0
DA:166,0
LF:60
LH:0
end_of_record
SF:lib\rating\model\rating_model.dart
DA:19,0
DA:27,0
DA:28,0
DA:30,0
LF:4
LH:0
end_of_record
SF:lib\rating\model\rating_model.g.dart
DA:9,0
DA:10,0
DA:11,0
DA:12,0
DA:13,0
DA:14,0
DA:17,0
DA:18,0
DA:19,0
DA:20,0
DA:21,0
DA:22,0
DA:23,0
LF:13
LH:0
end_of_record
SF:lib\user\model\user_model.dart
DA:13,0
DA:25,0
DA:31,0
DA:32,0
DA:34,0
LF:5
LH:0
end_of_record
SF:lib\user\model\user_model.g.dart
DA:9,0
DA:10,0
DA:11,0
DA:12,0
DA:15,0
DA:16,0
DA:17,0
DA:18,0
LF:8
LH:0
end_of_record
SF:lib\rating\repository\rating_repository.dart
DA:13,0
DA:14,0
DA:15,0
DA:17,0
LF:4
LH:0
end_of_record
SF:lib\rating\repository\rating_repository.g.dart
DA:12,0
DA:19,0
DA:22,0
DA:23,0
DA:24,0
DA:25,0
DA:26,0
DA:27,0
DA:28,0
DA:29,0
DA:30,0
DA:31,0
DA:33,0
DA:34,0
DA:35,0
DA:36,0
DA:41,0
DA:42,0
DA:43,0
DA:44,0
DA:45,0
DA:46,0
DA:48,0
LF:23
LH:0
end_of_record
SF:lib\rating\riverpod\rating_provider.dart
DA:8,0
DA:9,0
DA:10,0
DA:12,0
DA:17,0
LF:5
LH:0
end_of_record
SF:lib\restaurant\component\restaurant_card.dart
DA:30,0
DA:42,0
DA:44,0
DA:48,0
DA:49,0
DA:50,0
DA:53,0
DA:54,0
DA:55,0
DA:56,0
DA:57,0
DA:58,0
DA:59,0
DA:61,0
DA:65,0
DA:67,0
DA:68,0
DA:69,0
DA:71,0
DA:72,0
DA:75,0
DA:76,0
DA:77,0
DA:80,0
DA:81,0
DA:82,0
DA:83,0
DA:85,0
DA:88,0
DA:89,0
DA:90,0
DA:92,0
DA:93,0
DA:94,0
DA:102,0
DA:103,0
DA:112,0
DA:113,0
DA:114,0
DA:115,0
DA:116,0
DA:117,0
DA:118,0
DA:119,0
DA:120,0
DA:121,0
DA:123,0
DA:126,0
DA:127,0
DA:129,0
DA:138,0
DA:156,0
DA:157,0
DA:159,0
DA:161,0
DA:162,0
DA:163,0
DA:164,0
DA:171,0
DA:172,0
DA:173,0
LF:61
LH:0
end_of_record
SF:lib\restaurant\view\basket_screen.dart
DA:12,0
DA:13,0
DA:15,0
DA:17,0
DA:19,0
DA:20,0
DA:22,0
DA:23,0
DA:28,0
DA:30,0
DA:32,0
DA:34,0
DA:36,0
DA:40,0
DA:41,0
DA:42,0
DA:43,0
DA:44,0
DA:45,0
DA:49,0
DA:50,0
DA:52,0
DA:53,0
DA:54,0
DA:56,0
DA:57,0
DA:59,0
DA:61,0
DA:62,0
DA:66,0
DA:69,0
DA:70,0
DA:71,0
DA:73,0
DA:74,0
DA:76,0
DA:78,0
DA:79,0
DA:83,0
DA:85,0
DA:86,0
DA:88,0
DA:90,0
DA:91,0
DA:95,0
DA:97,0
DA:98,0
DA:100,0
DA:102,0
DA:103,0
DA:107,0
DA:109,0
DA:110,0
DA:113,0
DA:115,0
DA:118,0
DA:119,0
DA:121,0
DA:122,0
DA:123,0
DA:124,0
DA:129,0
LF:62
LH:0
end_of_record
SF:lib\user\model\patch_basket_body.dart
DA:10,0
DA:14,0
DA:15,0
DA:17,0
DA:25,0
DA:30,0
DA:31,0
DA:33,0
LF:8
LH:0
end_of_record
SF:lib\user\model\patch_basket_body.g.dart
DA:9,0
DA:10,0
DA:11,0
DA:12,0
DA:13,0
DA:16,0
DA:17,0
DA:18,0
DA:21,0
DA:23,0
DA:24,0
DA:25,0
DA:28,0
DA:30,0
DA:31,0
DA:32,0
LF:16
LH:0
end_of_record
SF:lib\user\repository\auth_repository.dart
DA:10,0
DA:11,0
DA:13,0
DA:20,0
DA:25,0
DA:31,0
DA:34,0
DA:35,0
DA:36,0
DA:37,0
DA:41,0
DA:44,0
DA:45,0
DA:46,0
DA:47,0
DA:50,0
LF:16
LH:0
end_of_record
SF:lib\user\repository\user_repository.dart
DA:12,0
DA:13,0
DA:15,0
LF:3
LH:0
end_of_record
SF:lib\user\repository\user_repository.g.dart
DA:12,0
DA:19,0
DA:21,0
DA:22,0
DA:23,0
DA:24,0
DA:25,0
DA:26,0
DA:27,0
DA:28,0
DA:30,0
DA:31,0
DA:36,0
DA:38,0
DA:39,0
DA:40,0
DA:41,0
DA:42,0
DA:43,0
DA:44,0
DA:45,0
DA:47,0
DA:48,0
DA:49,0
DA:50,0
DA:55,0
DA:57,0
DA:58,0
DA:59,0
DA:60,0
DA:61,0
DA:62,0
DA:63,0
DA:64,0
DA:65,0
DA:67,0
DA:68,0
DA:69,0
DA:70,0
DA:74,0
DA:75,0
DA:76,0
DA:77,0
DA:78,0
DA:79,0
DA:81,0
LF:46
LH:0
end_of_record
SF:lib\user\riverpod\user_me_provider.dart
DA:9,0
DA:10,0
DA:11,0
DA:12,0
DA:14,0
DA:22,0
DA:26,0
DA:28,0
DA:31,0
DA:32,0
DA:33,0
DA:36,0
DA:41,0
DA:42,0
DA:44,0
DA:48,0
DA:50,0
DA:53,0
DA:58,0
DA:59,0
DA:61,0
DA:63,0
DA:67,0
DA:69,0
DA:73,0
DA:74,0
DA:76,0
DA:77,0
DA:78,0
LF:29
LH:0
end_of_record
